<?xml version="1.0" encoding="UTF-8"?>
<!-- Generated by org.testng.reporters.JUnitReportReporter -->
<testsuite hostname="il-Imranb-vm" failures="0" tests="1" name="tests.basic.ApiTest" time="2.858" errors="0" timestamp="08 Apr 2022 01:22:06 GMT" skipped="0">
  <testcase classname="tests.basic.ApiTest" name="test" time="2.858"/>
</testsuite> <!-- tests.basic.ApiTest -->
