<?xml version="1.0" encoding="UTF-8"?>
<!-- Generated by org.testng.reporters.JUnitReportReporter -->
<testsuite hostname="il-Imranb-vm" failures="0" tests="1" name="tests.basic.PageObjectTest" time="105.626" errors="0" timestamp="07 Apr 2022 19:17:03 GMT" skipped="0">
  <testcase classname="tests.basic.PageObjectTest" name="test" time="105.626"/>
</testsuite> <!-- tests.basic.PageObjectTest -->
